<?xml version="1.0" encoding="UTF-8"?>
<testsuite xmlns:xsi="http://www.w3.org/2001/XMLSchema-instance" xsi:noNamespaceSchemaLocation="https://maven.apache.org/surefire/maven-surefire-plugin/xsd/surefire-test-report.xsd" name="com.boostware.productservice.ProductServiceApplicationTests" time="3.793" tests="1" errors="0" skipped="0" failures="0">
  <properties>
    <property name="java.specification.version" value="17"/>
    <property name="sun.cpu.isalist" value="amd64"/>
    <property name="sun.jnu.encoding" value="Cp1252"/>
    <property name="java.class.path" value="C:\Users\a901852\Documents\Personal Project\boostware\boostware-microservices\product-service\target\test-classes;C:\Users\a901852\Documents\Personal Project\boostware\boostware-microservices\product-service\target\classes;C:\Users\a901852\.m2\boostware-repo\org\springframework\boot\spring-boot-starter-data-mongodb\3.0.11\spring-boot-starter-data-mongodb-3.0.11.jar;C:\Users\a901852\.m2\boostware-repo\org\springframework\boot\spring-boot-starter\3.0.11\spring-boot-starter-3.0.11.jar;C:\Users\a901852\.m2\boostware-repo\org\springframework\boot\spring-boot\3.0.11\spring-boot-3.0.11.jar;C:\Users\a901852\.m2\boostware-repo\org\springframework\boot\spring-boot-autoconfigure\3.0.11\spring-boot-autoconfigure-3.0.11.jar;C:\Users\a901852\.m2\boostware-repo\org\springframework\boot\spring-boot-starter-logging\3.0.11\spring-boot-starter-logging-3.0.11.jar;C:\Users\a901852\.m2\boostware-repo\ch\qos\logback\logback-classic\1.4.11\logback-classic-1.4.11.jar;C:\Users\a901852\.m2\boostware-repo\ch\qos\logback\logback-core\1.4.11\logback-core-1.4.11.jar;C:\Users\a901852\.m2\boostware-repo\org\apache\logging\log4j\log4j-to-slf4j\2.19.0\log4j-to-slf4j-2.19.0.jar;C:\Users\a901852\.m2\boostware-repo\org\apache\logging\log4j\log4j-api\2.19.0\log4j-api-2.19.0.jar;C:\Users\a901852\.m2\boostware-repo\org\slf4j\jul-to-slf4j\2.0.9\jul-to-slf4j-2.0.9.jar;C:\Users\a901852\.m2\boostware-repo\jakarta\annotation\jakarta.annotation-api\2.1.1\jakarta.annotation-api-2.1.1.jar;C:\Users\a901852\.m2\boostware-repo\org\yaml\snakeyaml\1.33\snakeyaml-1.33.jar;C:\Users\a901852\.m2\boostware-repo\org\mongodb\mongodb-driver-sync\4.8.2\mongodb-driver-sync-4.8.2.jar;C:\Users\a901852\.m2\boostware-repo\org\mongodb\bson\4.8.2\bson-4.8.2.jar;C:\Users\a901852\.m2\boostware-repo\org\mongodb\mongodb-driver-core\4.8.2\mongodb-driver-core-4.8.2.jar;C:\Users\a901852\.m2\boostware-repo\org\mongodb\bson-record-codec\4.8.2\bson-record-codec-4.8.2.jar;C:\Users\a901852\.m2\boostware-repo\org\springframework\data\spring-data-mongodb\4.0.10\spring-data-mongodb-4.0.10.jar;C:\Users\a901852\.m2\boostware-repo\org\springframework\spring-tx\6.0.12\spring-tx-6.0.12.jar;C:\Users\a901852\.m2\boostware-repo\org\springframework\spring-context\6.0.12\spring-context-6.0.12.jar;C:\Users\a901852\.m2\boostware-repo\org\springframework\spring-beans\6.0.12\spring-beans-6.0.12.jar;C:\Users\a901852\.m2\boostware-repo\org\springframework\spring-expression\6.0.12\spring-expression-6.0.12.jar;C:\Users\a901852\.m2\boostware-repo\org\springframework\data\spring-data-commons\3.0.10\spring-data-commons-3.0.10.jar;C:\Users\a901852\.m2\boostware-repo\org\slf4j\slf4j-api\2.0.9\slf4j-api-2.0.9.jar;C:\Users\a901852\.m2\boostware-repo\org\springframework\boot\spring-boot-starter-web\3.0.11\spring-boot-starter-web-3.0.11.jar;C:\Users\a901852\.m2\boostware-repo\org\springframework\boot\spring-boot-starter-json\3.0.11\spring-boot-starter-json-3.0.11.jar;C:\Users\a901852\.m2\boostware-repo\com\fasterxml\jackson\core\jackson-databind\2.14.3\jackson-databind-2.14.3.jar;C:\Users\a901852\.m2\boostware-repo\com\fasterxml\jackson\core\jackson-annotations\2.14.3\jackson-annotations-2.14.3.jar;C:\Users\a901852\.m2\boostware-repo\com\fasterxml\jackson\core\jackson-core\2.14.3\jackson-core-2.14.3.jar;C:\Users\a901852\.m2\boostware-repo\com\fasterxml\jackson\datatype\jackson-datatype-jdk8\2.14.3\jackson-datatype-jdk8-2.14.3.jar;C:\Users\a901852\.m2\boostware-repo\com\fasterxml\jackson\datatype\jackson-datatype-jsr310\2.14.3\jackson-datatype-jsr310-2.14.3.jar;C:\Users\a901852\.m2\boostware-repo\com\fasterxml\jackson\module\jackson-module-parameter-names\2.14.3\jackson-module-parameter-names-2.14.3.jar;C:\Users\a901852\.m2\boostware-repo\org\springframework\boot\spring-boot-starter-tomcat\3.0.11\spring-boot-starter-tomcat-3.0.11.jar;C:\Users\a901852\.m2\boostware-repo\org\apache\tomcat\embed\tomcat-embed-core\10.1.13\tomcat-embed-core-10.1.13.jar;C:\Users\a901852\.m2\boostware-repo\org\apache\tomcat\embed\tomcat-embed-el\10.1.13\tomcat-embed-el-10.1.13.jar;C:\Users\a901852\.m2\boostware-repo\org\apache\tomcat\embed\tomcat-embed-websocket\10.1.13\tomcat-embed-websocket-10.1.13.jar;C:\Users\a901852\.m2\boostware-repo\org\springframework\spring-web\6.0.12\spring-web-6.0.12.jar;C:\Users\a901852\.m2\boostware-repo\io\micrometer\micrometer-observation\1.10.11\micrometer-observation-1.10.11.jar;C:\Users\a901852\.m2\boostware-repo\io\micrometer\micrometer-commons\1.10.11\micrometer-commons-1.10.11.jar;C:\Users\a901852\.m2\boostware-repo\org\springframework\spring-webmvc\6.0.12\spring-webmvc-6.0.12.jar;C:\Users\a901852\.m2\boostware-repo\org\springframework\spring-aop\6.0.12\spring-aop-6.0.12.jar;C:\Users\a901852\.m2\boostware-repo\org\projectlombok\lombok\1.18.30\lombok-1.18.30.jar;C:\Users\a901852\.m2\boostware-repo\org\springframework\boot\spring-boot-starter-test\3.0.11\spring-boot-starter-test-3.0.11.jar;C:\Users\a901852\.m2\boostware-repo\org\springframework\boot\spring-boot-test\3.0.11\spring-boot-test-3.0.11.jar;C:\Users\a901852\.m2\boostware-repo\org\springframework\boot\spring-boot-test-autoconfigure\3.0.11\spring-boot-test-autoconfigure-3.0.11.jar;C:\Users\a901852\.m2\boostware-repo\com\jayway\jsonpath\json-path\2.7.0\json-path-2.7.0.jar;C:\Users\a901852\.m2\boostware-repo\net\minidev\json-smart\2.4.11\json-smart-2.4.11.jar;C:\Users\a901852\.m2\boostware-repo\net\minidev\accessors-smart\2.4.11\accessors-smart-2.4.11.jar;C:\Users\a901852\.m2\boostware-repo\org\ow2\asm\asm\9.3\asm-9.3.jar;C:\Users\a901852\.m2\boostware-repo\jakarta\xml\bind\jakarta.xml.bind-api\4.0.1\jakarta.xml.bind-api-4.0.1.jar;C:\Users\a901852\.m2\boostware-repo\jakarta\activation\jakarta.activation-api\2.1.2\jakarta.activation-api-2.1.2.jar;C:\Users\a901852\.m2\boostware-repo\org\assertj\assertj-core\3.23.1\assertj-core-3.23.1.jar;C:\Users\a901852\.m2\boostware-repo\net\bytebuddy\byte-buddy\1.12.23\byte-buddy-1.12.23.jar;C:\Users\a901852\.m2\boostware-repo\org\hamcrest\hamcrest\2.2\hamcrest-2.2.jar;C:\Users\a901852\.m2\boostware-repo\org\junit\jupiter\junit-jupiter\5.9.3\junit-jupiter-5.9.3.jar;C:\Users\a901852\.m2\boostware-repo\org\junit\jupiter\junit-jupiter-api\5.9.3\junit-jupiter-api-5.9.3.jar;C:\Users\a901852\.m2\boostware-repo\org\opentest4j\opentest4j\1.2.0\opentest4j-1.2.0.jar;C:\Users\a901852\.m2\boostware-repo\org\junit\platform\junit-platform-commons\1.9.3\junit-platform-commons-1.9.3.jar;C:\Users\a901852\.m2\boostware-repo\org\apiguardian\apiguardian-api\1.1.2\apiguardian-api-1.1.2.jar;C:\Users\a901852\.m2\boostware-repo\org\junit\jupiter\junit-jupiter-params\5.9.3\junit-jupiter-params-5.9.3.jar;C:\Users\a901852\.m2\boostware-repo\org\junit\jupiter\junit-jupiter-engine\5.9.3\junit-jupiter-engine-5.9.3.jar;C:\Users\a901852\.m2\boostware-repo\org\junit\platform\junit-platform-engine\1.9.3\junit-platform-engine-1.9.3.jar;C:\Users\a901852\.m2\boostware-repo\org\mockito\mockito-core\4.8.1\mockito-core-4.8.1.jar;C:\Users\a901852\.m2\boostware-repo\net\bytebuddy\byte-buddy-agent\1.12.23\byte-buddy-agent-1.12.23.jar;C:\Users\a901852\.m2\boostware-repo\org\objenesis\objenesis\3.2\objenesis-3.2.jar;C:\Users\a901852\.m2\boostware-repo\org\mockito\mockito-junit-jupiter\4.8.1\mockito-junit-jupiter-4.8.1.jar;C:\Users\a901852\.m2\boostware-repo\org\skyscreamer\jsonassert\1.5.1\jsonassert-1.5.1.jar;C:\Users\a901852\.m2\boostware-repo\com\vaadin\external\google\android-json\0.0.20131108.vaadin1\android-json-0.0.20131108.vaadin1.jar;C:\Users\a901852\.m2\boostware-repo\org\springframework\spring-core\6.0.12\spring-core-6.0.12.jar;C:\Users\a901852\.m2\boostware-repo\org\springframework\spring-jcl\6.0.12\spring-jcl-6.0.12.jar;C:\Users\a901852\.m2\boostware-repo\org\springframework\spring-test\6.0.12\spring-test-6.0.12.jar;C:\Users\a901852\.m2\boostware-repo\org\xmlunit\xmlunit-core\2.9.1\xmlunit-core-2.9.1.jar;"/>
    <property name="java.vm.vendor" value="Amazon.com Inc."/>
    <property name="sun.arch.data.model" value="64"/>
    <property name="user.variant" value=""/>
    <property name="java.vendor.url" value="https://aws.amazon.com/corretto/"/>
    <property name="user.timezone" value="Asia/Singapore"/>
    <property name="os.name" value="Windows 10"/>
    <property name="java.vm.specification.version" value="17"/>
    <property name="sun.java.launcher" value="SUN_STANDARD"/>
    <property name="user.country" value="US"/>
    <property name="sun.boot.library.path" value="C:\Users\a901852\.jdks\corretto-17.0.6\bin"/>
    <property name="sun.java.command" value="C:\Users\a901852\AppData\Local\Temp\surefire6385242322697987143\surefirebooter12202897893964388363.jar C:\Users\a901852\AppData\Local\Temp\surefire6385242322697987143 2023-10-04T17-00-56_571-jvmRun1 surefire13961994993014254719tmp surefire_03602513168562907335tmp"/>
    <property name="jdk.debug" value="release"/>
    <property name="surefire.test.class.path" value="C:\Users\a901852\Documents\Personal Project\boostware\boostware-microservices\product-service\target\test-classes;C:\Users\a901852\Documents\Personal Project\boostware\boostware-microservices\product-service\target\classes;C:\Users\a901852\.m2\boostware-repo\org\springframework\boot\spring-boot-starter-data-mongodb\3.0.11\spring-boot-starter-data-mongodb-3.0.11.jar;C:\Users\a901852\.m2\boostware-repo\org\springframework\boot\spring-boot-starter\3.0.11\spring-boot-starter-3.0.11.jar;C:\Users\a901852\.m2\boostware-repo\org\springframework\boot\spring-boot\3.0.11\spring-boot-3.0.11.jar;C:\Users\a901852\.m2\boostware-repo\org\springframework\boot\spring-boot-autoconfigure\3.0.11\spring-boot-autoconfigure-3.0.11.jar;C:\Users\a901852\.m2\boostware-repo\org\springframework\boot\spring-boot-starter-logging\3.0.11\spring-boot-starter-logging-3.0.11.jar;C:\Users\a901852\.m2\boostware-repo\ch\qos\logback\logback-classic\1.4.11\logback-classic-1.4.11.jar;C:\Users\a901852\.m2\boostware-repo\ch\qos\logback\logback-core\1.4.11\logback-core-1.4.11.jar;C:\Users\a901852\.m2\boostware-repo\org\apache\logging\log4j\log4j-to-slf4j\2.19.0\log4j-to-slf4j-2.19.0.jar;C:\Users\a901852\.m2\boostware-repo\org\apache\logging\log4j\log4j-api\2.19.0\log4j-api-2.19.0.jar;C:\Users\a901852\.m2\boostware-repo\org\slf4j\jul-to-slf4j\2.0.9\jul-to-slf4j-2.0.9.jar;C:\Users\a901852\.m2\boostware-repo\jakarta\annotation\jakarta.annotation-api\2.1.1\jakarta.annotation-api-2.1.1.jar;C:\Users\a901852\.m2\boostware-repo\org\yaml\snakeyaml\1.33\snakeyaml-1.33.jar;C:\Users\a901852\.m2\boostware-repo\org\mongodb\mongodb-driver-sync\4.8.2\mongodb-driver-sync-4.8.2.jar;C:\Users\a901852\.m2\boostware-repo\org\mongodb\bson\4.8.2\bson-4.8.2.jar;C:\Users\a901852\.m2\boostware-repo\org\mongodb\mongodb-driver-core\4.8.2\mongodb-driver-core-4.8.2.jar;C:\Users\a901852\.m2\boostware-repo\org\mongodb\bson-record-codec\4.8.2\bson-record-codec-4.8.2.jar;C:\Users\a901852\.m2\boostware-repo\org\springframework\data\spring-data-mongodb\4.0.10\spring-data-mongodb-4.0.10.jar;C:\Users\a901852\.m2\boostware-repo\org\springframework\spring-tx\6.0.12\spring-tx-6.0.12.jar;C:\Users\a901852\.m2\boostware-repo\org\springframework\spring-context\6.0.12\spring-context-6.0.12.jar;C:\Users\a901852\.m2\boostware-repo\org\springframework\spring-beans\6.0.12\spring-beans-6.0.12.jar;C:\Users\a901852\.m2\boostware-repo\org\springframework\spring-expression\6.0.12\spring-expression-6.0.12.jar;C:\Users\a901852\.m2\boostware-repo\org\springframework\data\spring-data-commons\3.0.10\spring-data-commons-3.0.10.jar;C:\Users\a901852\.m2\boostware-repo\org\slf4j\slf4j-api\2.0.9\slf4j-api-2.0.9.jar;C:\Users\a901852\.m2\boostware-repo\org\springframework\boot\spring-boot-starter-web\3.0.11\spring-boot-starter-web-3.0.11.jar;C:\Users\a901852\.m2\boostware-repo\org\springframework\boot\spring-boot-starter-json\3.0.11\spring-boot-starter-json-3.0.11.jar;C:\Users\a901852\.m2\boostware-repo\com\fasterxml\jackson\core\jackson-databind\2.14.3\jackson-databind-2.14.3.jar;C:\Users\a901852\.m2\boostware-repo\com\fasterxml\jackson\core\jackson-annotations\2.14.3\jackson-annotations-2.14.3.jar;C:\Users\a901852\.m2\boostware-repo\com\fasterxml\jackson\core\jackson-core\2.14.3\jackson-core-2.14.3.jar;C:\Users\a901852\.m2\boostware-repo\com\fasterxml\jackson\datatype\jackson-datatype-jdk8\2.14.3\jackson-datatype-jdk8-2.14.3.jar;C:\Users\a901852\.m2\boostware-repo\com\fasterxml\jackson\datatype\jackson-datatype-jsr310\2.14.3\jackson-datatype-jsr310-2.14.3.jar;C:\Users\a901852\.m2\boostware-repo\com\fasterxml\jackson\module\jackson-module-parameter-names\2.14.3\jackson-module-parameter-names-2.14.3.jar;C:\Users\a901852\.m2\boostware-repo\org\springframework\boot\spring-boot-starter-tomcat\3.0.11\spring-boot-starter-tomcat-3.0.11.jar;C:\Users\a901852\.m2\boostware-repo\org\apache\tomcat\embed\tomcat-embed-core\10.1.13\tomcat-embed-core-10.1.13.jar;C:\Users\a901852\.m2\boostware-repo\org\apache\tomcat\embed\tomcat-embed-el\10.1.13\tomcat-embed-el-10.1.13.jar;C:\Users\a901852\.m2\boostware-repo\org\apache\tomcat\embed\tomcat-embed-websocket\10.1.13\tomcat-embed-websocket-10.1.13.jar;C:\Users\a901852\.m2\boostware-repo\org\springframework\spring-web\6.0.12\spring-web-6.0.12.jar;C:\Users\a901852\.m2\boostware-repo\io\micrometer\micrometer-observation\1.10.11\micrometer-observation-1.10.11.jar;C:\Users\a901852\.m2\boostware-repo\io\micrometer\micrometer-commons\1.10.11\micrometer-commons-1.10.11.jar;C:\Users\a901852\.m2\boostware-repo\org\springframework\spring-webmvc\6.0.12\spring-webmvc-6.0.12.jar;C:\Users\a901852\.m2\boostware-repo\org\springframework\spring-aop\6.0.12\spring-aop-6.0.12.jar;C:\Users\a901852\.m2\boostware-repo\org\projectlombok\lombok\1.18.30\lombok-1.18.30.jar;C:\Users\a901852\.m2\boostware-repo\org\springframework\boot\spring-boot-starter-test\3.0.11\spring-boot-starter-test-3.0.11.jar;C:\Users\a901852\.m2\boostware-repo\org\springframework\boot\spring-boot-test\3.0.11\spring-boot-test-3.0.11.jar;C:\Users\a901852\.m2\boostware-repo\org\springframework\boot\spring-boot-test-autoconfigure\3.0.11\spring-boot-test-autoconfigure-3.0.11.jar;C:\Users\a901852\.m2\boostware-repo\com\jayway\jsonpath\json-path\2.7.0\json-path-2.7.0.jar;C:\Users\a901852\.m2\boostware-repo\net\minidev\json-smart\2.4.11\json-smart-2.4.11.jar;C:\Users\a901852\.m2\boostware-repo\net\minidev\accessors-smart\2.4.11\accessors-smart-2.4.11.jar;C:\Users\a901852\.m2\boostware-repo\org\ow2\asm\asm\9.3\asm-9.3.jar;C:\Users\a901852\.m2\boostware-repo\jakarta\xml\bind\jakarta.xml.bind-api\4.0.1\jakarta.xml.bind-api-4.0.1.jar;C:\Users\a901852\.m2\boostware-repo\jakarta\activation\jakarta.activation-api\2.1.2\jakarta.activation-api-2.1.2.jar;C:\Users\a901852\.m2\boostware-repo\org\assertj\assertj-core\3.23.1\assertj-core-3.23.1.jar;C:\Users\a901852\.m2\boostware-repo\net\bytebuddy\byte-buddy\1.12.23\byte-buddy-1.12.23.jar;C:\Users\a901852\.m2\boostware-repo\org\hamcrest\hamcrest\2.2\hamcrest-2.2.jar;C:\Users\a901852\.m2\boostware-repo\org\junit\jupiter\junit-jupiter\5.9.3\junit-jupiter-5.9.3.jar;C:\Users\a901852\.m2\boostware-repo\org\junit\jupiter\junit-jupiter-api\5.9.3\junit-jupiter-api-5.9.3.jar;C:\Users\a901852\.m2\boostware-repo\org\opentest4j\opentest4j\1.2.0\opentest4j-1.2.0.jar;C:\Users\a901852\.m2\boostware-repo\org\junit\platform\junit-platform-commons\1.9.3\junit-platform-commons-1.9.3.jar;C:\Users\a901852\.m2\boostware-repo\org\apiguardian\apiguardian-api\1.1.2\apiguardian-api-1.1.2.jar;C:\Users\a901852\.m2\boostware-repo\org\junit\jupiter\junit-jupiter-params\5.9.3\junit-jupiter-params-5.9.3.jar;C:\Users\a901852\.m2\boostware-repo\org\junit\jupiter\junit-jupiter-engine\5.9.3\junit-jupiter-engine-5.9.3.jar;C:\Users\a901852\.m2\boostware-repo\org\junit\platform\junit-platform-engine\1.9.3\junit-platform-engine-1.9.3.jar;C:\Users\a901852\.m2\boostware-repo\org\mockito\mockito-core\4.8.1\mockito-core-4.8.1.jar;C:\Users\a901852\.m2\boostware-repo\net\bytebuddy\byte-buddy-agent\1.12.23\byte-buddy-agent-1.12.23.jar;C:\Users\a901852\.m2\boostware-repo\org\objenesis\objenesis\3.2\objenesis-3.2.jar;C:\Users\a901852\.m2\boostware-repo\org\mockito\mockito-junit-jupiter\4.8.1\mockito-junit-jupiter-4.8.1.jar;C:\Users\a901852\.m2\boostware-repo\org\skyscreamer\jsonassert\1.5.1\jsonassert-1.5.1.jar;C:\Users\a901852\.m2\boostware-repo\com\vaadin\external\google\android-json\0.0.20131108.vaadin1\android-json-0.0.20131108.vaadin1.jar;C:\Users\a901852\.m2\boostware-repo\org\springframework\spring-core\6.0.12\spring-core-6.0.12.jar;C:\Users\a901852\.m2\boostware-repo\org\springframework\spring-jcl\6.0.12\spring-jcl-6.0.12.jar;C:\Users\a901852\.m2\boostware-repo\org\springframework\spring-test\6.0.12\spring-test-6.0.12.jar;C:\Users\a901852\.m2\boostware-repo\org\xmlunit\xmlunit-core\2.9.1\xmlunit-core-2.9.1.jar;"/>
    <property name="sun.cpu.endian" value="little"/>
    <property name="user.home" value="C:\Users\a901852"/>
    <property name="user.language" value="en"/>
    <property name="java.specification.vendor" value="Oracle Corporation"/>
    <property name="java.version.date" value="2023-01-17"/>
    <property name="java.home" value="C:\Users\a901852\.jdks\corretto-17.0.6"/>
    <property name="file.separator" value="\"/>
    <property name="basedir" value="C:\Users\a901852\Documents\Personal Project\boostware\boostware-microservices\product-service"/>
    <property name="java.vm.compressedOopsMode" value="Zero based"/>
    <property name="line.separator" value="&#10;"/>
    <property name="java.vm.specification.vendor" value="Oracle Corporation"/>
    <property name="java.specification.name" value="Java Platform API Specification"/>
    <property name="surefire.real.class.path" value="C:\Users\a901852\AppData\Local\Temp\surefire6385242322697987143\surefirebooter12202897893964388363.jar"/>
    <property name="user.script" value=""/>
    <property name="sun.management.compiler" value="HotSpot 64-Bit Tiered Compilers"/>
    <property name="java.runtime.version" value="17.0.6+10-LTS"/>
    <property name="user.name" value="a901852"/>
    <property name="path.separator" value=";"/>
    <property name="os.version" value="10.0"/>
    <property name="java.runtime.name" value="OpenJDK Runtime Environment"/>
    <property name="file.encoding" value="Cp1252"/>
    <property name="java.vm.name" value="OpenJDK 64-Bit Server VM"/>
    <property name="java.vendor.version" value="Corretto-17.0.6.10.1"/>
    <property name="localRepository" value="C:\Users\a901852\.m2\boostware-repo"/>
    <property name="java.vendor.url.bug" value="https://github.com/corretto/corretto-17/issues/"/>
    <property name="java.io.tmpdir" value="C:\Users\a901852\AppData\Local\Temp\"/>
    <property name="idea.version" value="2022.3.3"/>
    <property name="java.version" value="17.0.6"/>
    <property name="user.dir" value="C:\Users\a901852\Documents\Personal Project\boostware\boostware-microservices\product-service"/>
    <property name="os.arch" value="amd64"/>
    <property name="java.vm.specification.name" value="Java Virtual Machine Specification"/>
    <property name="sun.os.patch.level" value=""/>
    <property name="native.encoding" value="Cp1252"/>
    <property name="java.library.path" value="C:\Users\a901852\.jdks\corretto-17.0.6\bin;C:\WINDOWS\Sun\Java\bin;C:\WINDOWS\system32;C:\WINDOWS;C:\app\a901852\product\dbsetup\dbhomeXE\bin;C:\app\a901852\product\21c\dbhomeXE\bin;C:\Program Files (x86)\Common Files\Oracle\Java\javapath;C:\WINDOWS\system32;C:\WINDOWS;C:\WINDOWS\System32\Wbem;C:\WINDOWS\System32\WindowsPowerShell\v1.0\;C:\WINDOWS\System32\OpenSSH\;C:\Program Files (x86)\Common Files\Pulse Secure\VC142.CRT\X64\;C:\Program Files (x86)\Common Files\Pulse Secure\VC142.CRT\X86\;C:\Program Files\nodejs\;C:\Program Files\Docker\Docker\resources\bin;C:\app\a901852\product\dbsetup\dbhomeXE\bin;C:\Users\a901852\AppData\Local\Microsoft\WindowsApps;C:\Users\a901852\AppData\Local\Programs\Git\cmd;C:\Program Files\Java\jdk1.8.0_202\bin;C:\Users\a901852\Documents\Dev tools\apache-maven-3.8.1-bin\apache-maven-3.8.1\bin;;C:\Users\a901852\AppData\Local\Programs\Microsoft VS Code\bin;C:\Users\a901852\AppData\Roaming\npm;."/>
    <property name="java.vm.info" value="mixed mode, sharing"/>
    <property name="java.vendor" value="Amazon.com Inc."/>
    <property name="java.vm.version" value="17.0.6+10-LTS"/>
    <property name="sun.io.unicode.encoding" value="UnicodeLittle"/>
    <property name="maven.repo.local" value="C:\Users\a901852\.m2\boostware-repo"/>
    <property name="java.class.version" value="61.0"/>
  </properties>
  <testcase name="contextLoads" classname="com.boostware.productservice.ProductServiceApplicationTests" time="0.629"/>
</testsuite>